Using pre-set license
Built from '2020.3/staging' branch; Version is '2020.3.16f1 (049d6eca3c44) revision 302446'; Using compiler version '192528614'; Build Type 'Release'
OS: 'Windows 10 Home; OS build 19042.1165; Version 2009; 64bit' Language: 'en' Physical Memory: 16336 MB
BatchMode: 1, IsHumanControllingUs: 0, StartBugReporterOnCrash: 0, Is64bit: 1, IsPro: 0

 COMMAND LINE ARGUMENTS:
D:\Unity Editors\2020.3.16f1\Editor\Unity.exe
-adb2
-batchMode
-noUpm
-name
AssetImportWorker0
-projectPath
D:/Documents/GitHub/Brackeys Game Jam 2021.2
-logFile
Logs/AssetImportWorker0.log
-srvPort
61935
Successfully changed project path to: D:/Documents/GitHub/Brackeys Game Jam 2021.2
D:/Documents/GitHub/Brackeys Game Jam 2021.2
Using Asset Import Pipeline V2.
Refreshing native plugins compatible for Editor in 145.17 ms, found 2 plugins.
Preloading 0 native plugins for Editor in 0.00 ms.
Initialize engine version: 2020.3.16f1 (049d6eca3c44)
[Subsystems] Discovering subsystems at path D:/Unity Editors/2020.3.16f1/Editor/Data/Resources/UnitySubsystems
[Subsystems] Discovering subsystems at path D:/Documents/GitHub/Brackeys Game Jam 2021.2/Assets
GfxDevice: creating device client; threaded=0
Direct3D:
    Version:  Direct3D 11.0 [level 11.1]
    Renderer: NVIDIA GeForce GTX 1060 6GB (ID=0x1c03)
    Vendor:   
    VRAM:     6052 MB
    Driver:   27.21.14.5671
Initialize mono
Mono path[0] = 'D:/Unity Editors/2020.3.16f1/Editor/Data/Managed'
Mono path[1] = 'D:/Unity Editors/2020.3.16f1/Editor/Data/MonoBleedingEdge/lib/mono/unityjit'
Mono config path = 'D:/Unity Editors/2020.3.16f1/Editor/Data/MonoBleedingEdge/etc'
Using monoOptions --debugger-agent=transport=dt_socket,embedding=1,server=y,suspend=n,address=127.0.0.1:56032
Begin MonoManager ReloadAssembly
Registering precompiled unity dll's ...
Register platform support module: D:/Unity Editors/2020.3.16f1/Editor/Data/PlaybackEngines/WebGLSupport/UnityEditor.WebGL.Extensions.dll
Register platform support module: D:/Unity Editors/2020.3.16f1/Editor/Data/PlaybackEngines/WindowsStandaloneSupport/UnityEditor.WindowsStandalone.Extensions.dll
Registered in 0.002580 seconds.
Native extension for WindowsStandalone target not found
Native extension for WebGL target not found
Refreshing native plugins compatible for Editor in 165.78 ms, found 2 plugins.
Preloading 0 native plugins for Editor in 0.00 ms.
Mono: successfully reloaded assembly
- Completed reload, in  1.774 seconds
Domain Reload Profiling:
	ReloadAssembly (1775ms)
		BeginReloadAssembly (120ms)
			ExecutionOrderSort (0ms)
			DisableScriptedObjects (0ms)
			BackupInstance (0ms)
			ReleaseScriptingObjects (0ms)
			CreateAndSetChildDomain (1ms)
		EndReloadAssembly (695ms)
			LoadAssemblies (117ms)
			RebuildTransferFunctionScriptingTraits (0ms)
			SetupTypeCache (241ms)
			ReleaseScriptCaches (0ms)
			RebuildScriptCaches (35ms)
			SetupLoadedEditorAssemblies (323ms)
				LogAssemblyErrors (0ms)
				InitializePlatformSupportModulesInManaged (6ms)
				SetLoadedEditorAssemblies (0ms)
				RefreshPlugins (166ms)
				BeforeProcessingInitializeOnLoad (20ms)
				ProcessInitializeOnLoadAttributes (97ms)
				ProcessInitializeOnLoadMethodAttributes (33ms)
				AfterProcessingInitializeOnLoad (0ms)
				EditorAssembliesLoaded (0ms)
			ExecutionOrderSort2 (0ms)
			AwakeInstancesAfterBackupRestoration (0ms)
Platform modules already initialized, skipping
Registering precompiled user dll's ...
Registered in 0.010108 seconds.
Begin MonoManager ReloadAssembly
Native extension for WindowsStandalone target not found
Native extension for WebGL target not found
Refreshing native plugins compatible for Editor in 137.19 ms, found 2 plugins.
Preloading 0 native plugins for Editor in 0.00 ms.
Mono: successfully reloaded assembly
- Completed reload, in  2.010 seconds
Domain Reload Profiling:
	ReloadAssembly (2011ms)
		BeginReloadAssembly (169ms)
			ExecutionOrderSort (0ms)
			DisableScriptedObjects (5ms)
			BackupInstance (0ms)
			ReleaseScriptingObjects (0ms)
			CreateAndSetChildDomain (20ms)
		EndReloadAssembly (1765ms)
			LoadAssemblies (116ms)
			RebuildTransferFunctionScriptingTraits (0ms)
			SetupTypeCache (498ms)
			ReleaseScriptCaches (1ms)
			RebuildScriptCaches (102ms)
			SetupLoadedEditorAssemblies (899ms)
				LogAssemblyErrors (0ms)
				InitializePlatformSupportModulesInManaged (5ms)
				SetLoadedEditorAssemblies (0ms)
				RefreshPlugins (137ms)
				BeforeProcessingInitializeOnLoad (126ms)
				ProcessInitializeOnLoadAttributes (397ms)
				ProcessInitializeOnLoadMethodAttributes (225ms)
				AfterProcessingInitializeOnLoad (7ms)
				EditorAssembliesLoaded (0ms)
			ExecutionOrderSort2 (0ms)
			AwakeInstancesAfterBackupRestoration (6ms)
Platform modules already initialized, skipping
========================================================================
Worker process is ready to serve import requests
Launched and connected shader compiler UnityShaderCompiler.exe after 0.06 seconds
Refreshing native plugins compatible for Editor in 1.30 ms, found 2 plugins.
Preloading 0 native plugins for Editor in 0.00 ms.
Unloading 4846 Unused Serialized files (Serialized files now loaded: 0)
System memory in use before: 213.9 MB.
System memory in use after: 214.2 MB.

Unloading 26 unused Assets to reduce memory usage. Loaded Objects now: 5289.
Total: 5.693300 ms (FindLiveObjects: 0.639200 ms CreateObjectMapping: 0.173300 ms MarkObjects: 4.780800 ms  DeleteObjects: 0.097700 ms)

AssetImportParameters requested are different than current active one (requested -> active):
  custom:framework-win-MediaFoundation: 216162199b28c13a410421893ffa2e32 -> 
  custom:video-decoder-ogg-theora: a1e56fd34408186e4bbccfd4996cb3dc -> 
  custom:container-muxer-webm: aa71ff27fc2769a1b78a27578f13a17b -> 
  custom:container-demuxer-webm: 4f35f7cbe854078d1ac9338744f61a02 -> 
  custom:container-demuxer-ogg: 62fdf1f143b41e24485cea50d1cbac27 -> 
  custom:video-encoder-webm-vp8: eb34c28f22e8b96e1ab97ce403110664 -> 
  custom:video-decoder-webm-vp8: 9c59270c3fd7afecdb556c50c9e8de78 -> 
  custom:audio-decoder-ogg-vorbis: bf7c407c2cedff20999df2af8eb42d56 -> 
  custom:audio-encoder-webm-vorbis: bf7c407c2cedff20999df2af8eb42d56 -> 
========================================================================
Received Import Request.
  path: Assets/Scripts/Luck&Jack/UI/LuckOpeningAnimation.cs
  artifactKey: Guid(fd635db3ec892ef47b925c6cee5ed919) Importer(815301076,1909f56bfc062723c751e8b465ee728b)
Start importing Assets/Scripts/Luck&Jack/UI/LuckOpeningAnimation.cs using Guid(fd635db3ec892ef47b925c6cee5ed919) Importer(815301076,1909f56bfc062723c751e8b465ee728b)  -> (artifact id: '6f7d2a6fac509a2383c77ded849f28c9') in 0.034981 seconds 
  Import took 0.043943 seconds .

========================================================================
Received Import Request.
  Time since last request: 8.933906 seconds.
  path: Assets/Windows Animations/Luck Opening Animation.asset
  artifactKey: Guid(66524d8f8c727f84c8c82c59e43b9962) Importer(815301076,1909f56bfc062723c751e8b465ee728b)
Start importing Assets/Windows Animations/Luck Opening Animation.asset using Guid(66524d8f8c727f84c8c82c59e43b9962) Importer(815301076,1909f56bfc062723c751e8b465ee728b)  -> (artifact id: 'a79af58a8a1ef918bf846beab7e2f0fb') in 0.013546 seconds 
  Import took 0.026029 seconds .

========================================================================
Received Import Request.
  Time since last request: 0.000770 seconds.
  path: Assets/Windows Animations/Luck Opening Animation.asset
  artifactKey: Guid(66524d8f8c727f84c8c82c59e43b9962) Importer(815301076,1909f56bfc062723c751e8b465ee728b)
Start importing Assets/Windows Animations/Luck Opening Animation.asset using Guid(66524d8f8c727f84c8c82c59e43b9962) Importer(815301076,1909f56bfc062723c751e8b465ee728b)  -> (artifact id: 'a79af58a8a1ef918bf846beab7e2f0fb') in 0.002895 seconds 
  Import took 0.010460 seconds .

========================================================================
Received Import Request.
  Time since last request: 10.138680 seconds.
  path: Assets/Prefabs/UI/Windows/Base Window.prefab
  artifactKey: Guid(808038d5739c10e4e99aa8c40e2fd88d) Importer(815301076,1909f56bfc062723c751e8b465ee728b)
Start importing Assets/Prefabs/UI/Windows/Base Window.prefab using Guid(808038d5739c10e4e99aa8c40e2fd88d) Importer(815301076,1909f56bfc062723c751e8b465ee728b)  -> (artifact id: '1fdbd7ec39676f8e319ef147fb939ae2') in 0.037627 seconds 
  Import took 0.045827 seconds .

========================================================================
Received Import Request.
  Time since last request: 0.007966 seconds.
  path: Assets/Prefabs/UI/Windows/Base Window.prefab
  artifactKey: Guid(808038d5739c10e4e99aa8c40e2fd88d) Importer(815301076,1909f56bfc062723c751e8b465ee728b)
Start importing Assets/Prefabs/UI/Windows/Base Window.prefab using Guid(808038d5739c10e4e99aa8c40e2fd88d) Importer(815301076,1909f56bfc062723c751e8b465ee728b)  -> (artifact id: '1fdbd7ec39676f8e319ef147fb939ae2') in 0.007206 seconds 
  Import took 0.015126 seconds .

========================================================================
Received Import Request.
  Time since last request: 2.963700 seconds.
  path: Assets/Prefabs/UI/Windows/Base Window.prefab
  artifactKey: Guid(808038d5739c10e4e99aa8c40e2fd88d) Importer(815301076,1909f56bfc062723c751e8b465ee728b)
Start importing Assets/Prefabs/UI/Windows/Base Window.prefab using Guid(808038d5739c10e4e99aa8c40e2fd88d) Importer(815301076,1909f56bfc062723c751e8b465ee728b)  -> (artifact id: '8a712b3fce9ad6c672aad12a8479bf16') in 0.007414 seconds 
  Import took 0.054349 seconds .

========================================================================
Received Import Request.
  Time since last request: 1.974727 seconds.
  path: Assets/Prefabs/UI/Windows/Base Window.prefab
  artifactKey: Guid(808038d5739c10e4e99aa8c40e2fd88d) Importer(815301076,1909f56bfc062723c751e8b465ee728b)
Start importing Assets/Prefabs/UI/Windows/Base Window.prefab using Guid(808038d5739c10e4e99aa8c40e2fd88d) Importer(815301076,1909f56bfc062723c751e8b465ee728b)  -> (artifact id: 'bab3692eccd11d3631496fdea9b35b15') in 0.007580 seconds 
  Import took 0.022770 seconds .

========================================================================
Received Import Request.
  Time since last request: 0.006009 seconds.
  path: Assets/Prefabs/UI/Windows/Base Window.prefab
  artifactKey: Guid(808038d5739c10e4e99aa8c40e2fd88d) Importer(815301076,1909f56bfc062723c751e8b465ee728b)
Start importing Assets/Prefabs/UI/Windows/Base Window.prefab using Guid(808038d5739c10e4e99aa8c40e2fd88d) Importer(815301076,1909f56bfc062723c751e8b465ee728b)  -> (artifact id: 'bab3692eccd11d3631496fdea9b35b15') in 0.007143 seconds 
  Import took 0.014854 seconds .

========================================================================
Received Import Request.
  Time since last request: 16.504425 seconds.
  path: Assets/Prefabs/UI/Windows/YesNo Window.prefab
  artifactKey: Guid(82d8d47c913ed3a448b4fbacb8af6e21) Importer(815301076,1909f56bfc062723c751e8b465ee728b)
Start importing Assets/Prefabs/UI/Windows/YesNo Window.prefab using Guid(82d8d47c913ed3a448b4fbacb8af6e21) Importer(815301076,1909f56bfc062723c751e8b465ee728b)  -> (artifact id: '9d5acbf42a11a97e66502fed53a83837') in 0.021767 seconds 
  Import took 0.038744 seconds .

========================================================================
Received Import Request.
  Time since last request: 0.018407 seconds.
  path: Assets/Prefabs/UI/Windows/YesNo Window.prefab
  artifactKey: Guid(82d8d47c913ed3a448b4fbacb8af6e21) Importer(815301076,1909f56bfc062723c751e8b465ee728b)
Start importing Assets/Prefabs/UI/Windows/YesNo Window.prefab using Guid(82d8d47c913ed3a448b4fbacb8af6e21) Importer(815301076,1909f56bfc062723c751e8b465ee728b)  -> (artifact id: '9d5acbf42a11a97e66502fed53a83837') in 0.009230 seconds 
  Import took 0.016757 seconds .

========================================================================
Received Import Request.
  Time since last request: 3.238781 seconds.
  path: Assets/Prefabs/UI/Windows/Selection Window.prefab
  artifactKey: Guid(3a5252493ea801145addf72bfffd1a9b) Importer(815301076,1909f56bfc062723c751e8b465ee728b)
Start importing Assets/Prefabs/UI/Windows/Selection Window.prefab using Guid(3a5252493ea801145addf72bfffd1a9b) Importer(815301076,1909f56bfc062723c751e8b465ee728b) The script 'LuckOpeningAnimation' does not derive from MonoBehaviour, but has been added to Game Object 'Selection Window'. Please remove the script from the Game Object to avoid crashes.

 -> (artifact id: 'ff4a4e9256b79c6da7b24519e2a1b34b') in 0.008822 seconds 
  Import took 0.016989 seconds .

========================================================================
Received Import Request.
  Time since last request: 12.796773 seconds.
  path: Assets/Prefabs/UI/Windows/Selection Window.prefab
  artifactKey: Guid(3a5252493ea801145addf72bfffd1a9b) Importer(815301076,1909f56bfc062723c751e8b465ee728b)
Start importing Assets/Prefabs/UI/Windows/Selection Window.prefab using Guid(3a5252493ea801145addf72bfffd1a9b) Importer(815301076,1909f56bfc062723c751e8b465ee728b)  -> (artifact id: '311aa69d2088faebf1b0ee00b755c166') in 0.008223 seconds 
  Import took 0.016718 seconds .

========================================================================
Received Import Request.
  Time since last request: 1.797773 seconds.
  path: Assets/Prefabs/UI/Windows/Selection Window.prefab
  artifactKey: Guid(3a5252493ea801145addf72bfffd1a9b) Importer(815301076,1909f56bfc062723c751e8b465ee728b)
Start importing Assets/Prefabs/UI/Windows/Selection Window.prefab using Guid(3a5252493ea801145addf72bfffd1a9b) Importer(815301076,1909f56bfc062723c751e8b465ee728b)  -> (artifact id: '14ac9c3f58d4fc6ffabc6353f9679ffc') in 0.008876 seconds 
  Import took 0.043894 seconds .

========================================================================
Received Import Request.
  Time since last request: 10.571820 seconds.
  path: Assets/Prefabs/UI/Windows/Selection Window.prefab
  artifactKey: Guid(3a5252493ea801145addf72bfffd1a9b) Importer(815301076,1909f56bfc062723c751e8b465ee728b)
Start importing Assets/Prefabs/UI/Windows/Selection Window.prefab using Guid(3a5252493ea801145addf72bfffd1a9b) Importer(815301076,1909f56bfc062723c751e8b465ee728b)  -> (artifact id: '95203885adefa11aa474dac427f2b7a7') in 0.009212 seconds 
  Import took 0.038045 seconds .

========================================================================
Received Import Request.
  Time since last request: 4.997421 seconds.
  path: Assets/Prefabs/UI/Windows/Selection Window.prefab
  artifactKey: Guid(3a5252493ea801145addf72bfffd1a9b) Importer(815301076,1909f56bfc062723c751e8b465ee728b)
Start importing Assets/Prefabs/UI/Windows/Selection Window.prefab using Guid(3a5252493ea801145addf72bfffd1a9b) Importer(815301076,1909f56bfc062723c751e8b465ee728b)  -> (artifact id: 'e0bea8deace77a45fd89993e57c0b4d8') in 0.008182 seconds 
  Import took 0.016526 seconds .

========================================================================
Received Import Request.
  Time since last request: 5.938882 seconds.
  path: Assets/Prefabs/UI/Windows/Selection Window.prefab
  artifactKey: Guid(3a5252493ea801145addf72bfffd1a9b) Importer(815301076,1909f56bfc062723c751e8b465ee728b)
Start importing Assets/Prefabs/UI/Windows/Selection Window.prefab using Guid(3a5252493ea801145addf72bfffd1a9b) Importer(815301076,1909f56bfc062723c751e8b465ee728b)  -> (artifact id: '1a3612bbe8b39c6be70244d5544ec332') in 0.008028 seconds 
  Import took 0.026508 seconds .

========================================================================
Received Import Request.
  Time since last request: 9.578530 seconds.
  path: Assets/Prefabs/UI/Windows/Selection Window.prefab
  artifactKey: Guid(3a5252493ea801145addf72bfffd1a9b) Importer(815301076,1909f56bfc062723c751e8b465ee728b)
Start importing Assets/Prefabs/UI/Windows/Selection Window.prefab using Guid(3a5252493ea801145addf72bfffd1a9b) Importer(815301076,1909f56bfc062723c751e8b465ee728b)  -> (artifact id: 'd720e1cebe22a96dd6eae529da735542') in 0.008537 seconds 
  Import took 0.016819 seconds .

========================================================================
Received Prepare
Registering precompiled user dll's ...
Registered in 0.009621 seconds.
Begin MonoManager ReloadAssembly
Native extension for WindowsStandalone target not found
Native extension for WebGL target not found
Refreshing native plugins compatible for Editor in 1.16 ms, found 2 plugins.
Preloading 0 native plugins for Editor in 0.00 ms.
Mono: successfully reloaded assembly
- Completed reload, in  1.688 seconds
Domain Reload Profiling:
	ReloadAssembly (1689ms)
		BeginReloadAssembly (157ms)
			ExecutionOrderSort (0ms)
			DisableScriptedObjects (6ms)
			BackupInstance (0ms)
			ReleaseScriptingObjects (0ms)
			CreateAndSetChildDomain (53ms)
		EndReloadAssembly (1453ms)
			LoadAssemblies (117ms)
			RebuildTransferFunctionScriptingTraits (0ms)
			SetupTypeCache (486ms)
			ReleaseScriptCaches (2ms)
			RebuildScriptCaches (81ms)
			SetupLoadedEditorAssemblies (526ms)
				LogAssemblyErrors (0ms)
				InitializePlatformSupportModulesInManaged (6ms)
				SetLoadedEditorAssemblies (0ms)
				RefreshPlugins (1ms)
				BeforeProcessingInitializeOnLoad (118ms)
				ProcessInitializeOnLoadAttributes (378ms)
				ProcessInitializeOnLoadMethodAttributes (15ms)
				AfterProcessingInitializeOnLoad (7ms)
				EditorAssembliesLoaded (0ms)
			ExecutionOrderSort2 (0ms)
			AwakeInstancesAfterBackupRestoration (30ms)
Platform modules already initialized, skipping
Refreshing native plugins compatible for Editor in 1.22 ms, found 2 plugins.
Preloading 0 native plugins for Editor in 0.00 ms.
Unloading 4539 Unused Serialized files (Serialized files now loaded: 0)
System memory in use before: 197.5 MB.
System memory in use after: 197.8 MB.

Unloading 21 unused Assets to reduce memory usage. Loaded Objects now: 5293.
Total: 6.170000 ms (FindLiveObjects: 0.571500 ms CreateObjectMapping: 0.148100 ms MarkObjects: 5.413500 ms  DeleteObjects: 0.034600 ms)

AssetImportParameters requested are different than current active one (requested -> active):
  custom:framework-win-MediaFoundation: 216162199b28c13a410421893ffa2e32 -> 
  custom:video-decoder-ogg-theora: a1e56fd34408186e4bbccfd4996cb3dc -> 
  custom:container-muxer-webm: aa71ff27fc2769a1b78a27578f13a17b -> 
  custom:container-demuxer-webm: 4f35f7cbe854078d1ac9338744f61a02 -> 
  custom:container-demuxer-ogg: 62fdf1f143b41e24485cea50d1cbac27 -> 
  custom:video-encoder-webm-vp8: eb34c28f22e8b96e1ab97ce403110664 -> 
  custom:video-decoder-webm-vp8: 9c59270c3fd7afecdb556c50c9e8de78 -> 
  custom:audio-decoder-ogg-vorbis: bf7c407c2cedff20999df2af8eb42d56 -> 
  custom:audio-encoder-webm-vorbis: bf7c407c2cedff20999df2af8eb42d56 -> 
========================================================================
Received Prepare
Registering precompiled user dll's ...
Registered in 0.009251 seconds.
Begin MonoManager ReloadAssembly
Native extension for WindowsStandalone target not found
Native extension for WebGL target not found
Refreshing native plugins compatible for Editor in 1.21 ms, found 2 plugins.
Preloading 0 native plugins for Editor in 0.00 ms.
Mono: successfully reloaded assembly
- Completed reload, in  1.762 seconds
Domain Reload Profiling:
	ReloadAssembly (1763ms)
		BeginReloadAssembly (157ms)
			ExecutionOrderSort (0ms)
			DisableScriptedObjects (7ms)
			BackupInstance (0ms)
			ReleaseScriptingObjects (0ms)
			CreateAndSetChildDomain (67ms)
		EndReloadAssembly (1528ms)
			LoadAssemblies (118ms)
			RebuildTransferFunctionScriptingTraits (0ms)
			SetupTypeCache (489ms)
			ReleaseScriptCaches (2ms)
			RebuildScriptCaches (82ms)
			SetupLoadedEditorAssemblies (581ms)
				LogAssemblyErrors (0ms)
				InitializePlatformSupportModulesInManaged (6ms)
				SetLoadedEditorAssemblies (0ms)
				RefreshPlugins (1ms)
				BeforeProcessingInitializeOnLoad (121ms)
				ProcessInitializeOnLoadAttributes (426ms)
				ProcessInitializeOnLoadMethodAttributes (18ms)
				AfterProcessingInitializeOnLoad (9ms)
				EditorAssembliesLoaded (0ms)
			ExecutionOrderSort2 (0ms)
			AwakeInstancesAfterBackupRestoration (38ms)
Platform modules already initialized, skipping
Refreshing native plugins compatible for Editor in 1.27 ms, found 2 plugins.
Preloading 0 native plugins for Editor in 0.00 ms.
Unloading 4539 Unused Serialized files (Serialized files now loaded: 0)
System memory in use before: 197.6 MB.
System memory in use after: 197.8 MB.

Unloading 21 unused Assets to reduce memory usage. Loaded Objects now: 5295.
Total: 5.366300 ms (FindLiveObjects: 0.648500 ms CreateObjectMapping: 0.164300 ms MarkObjects: 4.520200 ms  DeleteObjects: 0.031400 ms)

AssetImportParameters requested are different than current active one (requested -> active):
  custom:framework-win-MediaFoundation: 216162199b28c13a410421893ffa2e32 -> 
  custom:video-decoder-ogg-theora: a1e56fd34408186e4bbccfd4996cb3dc -> 
  custom:container-muxer-webm: aa71ff27fc2769a1b78a27578f13a17b -> 
  custom:container-demuxer-webm: 4f35f7cbe854078d1ac9338744f61a02 -> 
  custom:container-demuxer-ogg: 62fdf1f143b41e24485cea50d1cbac27 -> 
  custom:video-encoder-webm-vp8: eb34c28f22e8b96e1ab97ce403110664 -> 
  custom:video-decoder-webm-vp8: 9c59270c3fd7afecdb556c50c9e8de78 -> 
  custom:audio-decoder-ogg-vorbis: bf7c407c2cedff20999df2af8eb42d56 -> 
  custom:audio-encoder-webm-vorbis: bf7c407c2cedff20999df2af8eb42d56 -> 
========================================================================
Received Import Request.
  Time since last request: 92.854845 seconds.
  path: Assets/Prefabs/UI/Windows/Settings Window.prefab
  artifactKey: Guid(cb62cfefa3d22dd4e949eee9764f7d3b) Importer(815301076,1909f56bfc062723c751e8b465ee728b)
Start importing Assets/Prefabs/UI/Windows/Settings Window.prefab using Guid(cb62cfefa3d22dd4e949eee9764f7d3b) Importer(815301076,1909f56bfc062723c751e8b465ee728b)  -> (artifact id: 'e4566d3d589f771b21bd708b752fa9cf') in 0.122028 seconds 
  Import took 0.131748 seconds .

========================================================================
Received Import Request.
  Time since last request: 22.574129 seconds.
  path: Assets/Prefabs/UI/Example Windows/YesNoWindowExample.prefab
  artifactKey: Guid(77764a9669a0c2a439f1f7ba8d1db816) Importer(815301076,1909f56bfc062723c751e8b465ee728b)
Start importing Assets/Prefabs/UI/Example Windows/YesNoWindowExample.prefab using Guid(77764a9669a0c2a439f1f7ba8d1db816) Importer(815301076,1909f56bfc062723c751e8b465ee728b)  -> (artifact id: '5456ea45faf7b69e9fc351da7068906c') in 0.012079 seconds 
  Import took 0.020190 seconds .

========================================================================
Received Prepare
Registering precompiled user dll's ...
Registered in 0.009627 seconds.
Begin MonoManager ReloadAssembly
Native extension for WindowsStandalone target not found
Native extension for WebGL target not found
Refreshing native plugins compatible for Editor in 1.23 ms, found 2 plugins.
Preloading 0 native plugins for Editor in 0.00 ms.
Mono: successfully reloaded assembly
- Completed reload, in  1.698 seconds
Domain Reload Profiling:
	ReloadAssembly (1699ms)
		BeginReloadAssembly (139ms)
			ExecutionOrderSort (0ms)
			DisableScriptedObjects (6ms)
			BackupInstance (0ms)
			ReleaseScriptingObjects (0ms)
			CreateAndSetChildDomain (55ms)
		EndReloadAssembly (1482ms)
			LoadAssemblies (118ms)
			RebuildTransferFunctionScriptingTraits (0ms)
			SetupTypeCache (487ms)
			ReleaseScriptCaches (2ms)
			RebuildScriptCaches (82ms)
			SetupLoadedEditorAssemblies (546ms)
				LogAssemblyErrors (0ms)
				InitializePlatformSupportModulesInManaged (6ms)
				SetLoadedEditorAssemblies (0ms)
				RefreshPlugins (1ms)
				BeforeProcessingInitializeOnLoad (121ms)
				ProcessInitializeOnLoadAttributes (394ms)
				ProcessInitializeOnLoadMethodAttributes (16ms)
				AfterProcessingInitializeOnLoad (7ms)
				EditorAssembliesLoaded (0ms)
			ExecutionOrderSort2 (0ms)
			AwakeInstancesAfterBackupRestoration (31ms)
Platform modules already initialized, skipping
Refreshing native plugins compatible for Editor in 1.38 ms, found 2 plugins.
Preloading 0 native plugins for Editor in 0.00 ms.
Unloading 4539 Unused Serialized files (Serialized files now loaded: 0)
System memory in use before: 197.7 MB.
System memory in use after: 197.9 MB.

Unloading 27 unused Assets to reduce memory usage. Loaded Objects now: 5297.
Total: 5.231600 ms (FindLiveObjects: 0.530600 ms CreateObjectMapping: 0.147800 ms MarkObjects: 4.501400 ms  DeleteObjects: 0.049800 ms)

AssetImportParameters requested are different than current active one (requested -> active):
  custom:framework-win-MediaFoundation: 216162199b28c13a410421893ffa2e32 -> 
  custom:video-decoder-ogg-theora: a1e56fd34408186e4bbccfd4996cb3dc -> 
  custom:container-muxer-webm: aa71ff27fc2769a1b78a27578f13a17b -> 
  custom:container-demuxer-webm: 4f35f7cbe854078d1ac9338744f61a02 -> 
  custom:container-demuxer-ogg: 62fdf1f143b41e24485cea50d1cbac27 -> 
  custom:video-encoder-webm-vp8: eb34c28f22e8b96e1ab97ce403110664 -> 
  custom:video-decoder-webm-vp8: 9c59270c3fd7afecdb556c50c9e8de78 -> 
  custom:audio-decoder-ogg-vorbis: bf7c407c2cedff20999df2af8eb42d56 -> 
  custom:audio-encoder-webm-vorbis: bf7c407c2cedff20999df2af8eb42d56 -> 
